<?xml version="1.0" encoding="UTF-8"?>
<testsuite xmlns:xsi="http://www.w3.org/2001/XMLSchema-instance" xsi:noNamespaceSchemaLocation="https://maven.apache.org/surefire/maven-surefire-plugin/xsd/surefire-test-report-3.0.xsd" version="3.0" name="com.chat.talk.TalkActiveApplicationTests" time="3.376" tests="1" errors="0" skipped="0" failures="0">
  <properties>
[...]
</properties>
  <testcase name="contextLoads" classname="com.chat.talk.TalkActiveApplicationTests" time="0.9">
    <system-out><![CDATA[18:28:30.278 [main] INFO org.springframework.test.context.support.AnnotationConfigContextLoaderUtils -- Could not detect default configuration classes for test class [com.chat.talk.TalkActiveApplicationTests]: TalkActiveApplicationTests does not declare any static, non-private, non-final, nested classes annotated with @Configuration.
18:28:30.391 [main] INFO org.springframework.boot.test.context.SpringBootTestContextBootstrapper -- Found @SpringBootConfiguration com.chat.talk.TalkActiveApplication for test class com.chat.talk.TalkActiveApplicationTests

  .   ____          _            __ _ _
 /\\ / ___'_ __ _ _(_)_ __  __ _ \ \ \ \
( ( )\___ | '_ | '_| | '_ \/ _` | \ \ \ \
 \\/  ___)| |_)| | | | | || (_| |  ) ) ) )
  '  |____| .__|_| |_|_| |_\__, | / / / /
 =========|_|==============|___/=/_/_/_/
 :: Spring Boot ::                (v3.1.0)

2023-06-07T18:28:30.893+05:30  INFO 3336 --- [           main] c.chat.talk.TalkActiveApplicationTests   : Starting TalkActiveApplicationTests using Java 17.0.6 with PID 3336 (started by Lenovo in C:\Users\Lenovo\Documents\workspace-spring-tool-suite-4-4.16.1.RELEASE\talkActive)
2023-06-07T18:28:30.896+05:30  INFO 3336 --- [           main] c.chat.talk.TalkActiveApplicationTests   : No active profile set, falling back to 1 default profile: "default"
2023-06-07T18:28:32.502+05:30  INFO 3336 --- [           main] o.s.m.s.b.SimpleBrokerMessageHandler     : Starting...
2023-06-07T18:28:32.505+05:30  INFO 3336 --- [           main] o.s.m.s.b.SimpleBrokerMessageHandler     : BrokerAvailabilityEvent[available=true, SimpleBrokerMessageHandler [org.springframework.messaging.simp.broker.DefaultSubscriptionRegistry@5d0b0cb9]]
2023-06-07T18:28:32.506+05:30  INFO 3336 --- [           main] o.s.m.s.b.SimpleBrokerMessageHandler     : Started.
2023-06-07T18:28:32.513+05:30  INFO 3336 --- [           main] c.chat.talk.TalkActiveApplicationTests   : Started TalkActiveApplicationTests in 1.914 seconds (process running for 2.928)
]]></system-out>
  </testcase>
</testsuite>